<?xml version="1.0" encoding="UTF-8"?>
<testng-results ignored="0" total="1" passed="1" failed="0" skipped="0">
  <reporter-output>
  </reporter-output>
  <suite started-at="2022-04-14T08:10:55 IST" name="Default suite" finished-at="2022-04-14T08:11:10 IST" duration-ms="15230">
    <groups>
    </groups>
    <test started-at="2022-04-14T08:10:55 IST" name="Default test" finished-at="2022-04-14T08:11:10 IST" duration-ms="15230">
      <class name="TestCases.verfiy_signup">
        <test-method is-config="true" signature="launchBrowser()[pri:0, instance:TestCases.verfiy_signup@6cd28fa7]" started-at="2022-04-14T08:10:55 IST" name="launchBrowser" finished-at="2022-04-14T08:11:01 IST" duration-ms="6000" status="PASS">
          <reporter-output>
          </reporter-output>
        </test-method> <!-- launchBrowser -->
        <test-method signature="signup()[pri:0, instance:TestCases.verfiy_signup@6cd28fa7]" started-at="2022-04-14T08:11:01 IST" name="signup" finished-at="2022-04-14T08:11:10 IST" duration-ms="9157" status="PASS">
          <reporter-output>
          </reporter-output>
        </test-method> <!-- signup -->
      </class> <!-- TestCases.verfiy_signup -->
    </test> <!-- Default test -->
  </suite> <!-- Default suite -->
</testng-results>
